+l
warning: Source file is more recent than executable.
16	}
17	void output(float x1, float y1, float x2, float y2, float distance)
18	{
19	    printf("The distance between the points(%f,%f) and (%f,%f)is %f",x1,y1,x2,y2,distance);
20	
21	}
22	int main()
23	{
24	    float x1,x2,y1,y2,distance;
25	    input(&x1,&y1,&x2,&y2);
+r
Starting program: c:\Users\91821\github-classroom\FPC-advanced\fpc-advanced-classroom-1st-year-assignment-Skanda888K\set03/./problem01.exe 
[New Thread 2032.0x26c]
[New Thread 2032.0x1c60]
[Inferior 1 (process 2032) exited normally]
+b
No default breakpoint address now.
+q
